<?xml version="1.0" encoding="UTF-8"?>
<!-- Generated by org.testng.reporters.JUnitReportReporter -->
<testsuite hostname="Om" failures="0" tests="1" name="TestLayer.RegisterPageTest" time="2.551" errors="0" timestamp="2023-10-25T19:58:09 IST" skipped="0">
  <testcase classname="TestLayer.RegisterPageTest" name="guru99" time="2.551"/>
  <system-out/>
</testsuite> <!-- TestLayer.RegisterPageTest -->
